<?xml version="1.0" encoding="UTF-8"?>
<testsuite xmlns:xsi="http://www.w3.org/2001/XMLSchema-instance" xsi:noNamespaceSchemaLocation="https://maven.apache.org/surefire/maven-surefire-plugin/xsd/surefire-test-report-3.0.xsd" version="3.0" name="com.collins.railwaynet.ris.api.MessageHistoryQueryTest" time="0.497" tests="5" errors="0" skipped="0" failures="0">
  <properties>
    <property name="java.specification.version" value="14"/>
    <property name="sun.cpu.isalist" value="amd64"/>
    <property name="sun.jnu.encoding" value="Cp1252"/>
    <property name="java.class.path" value="C:\work\datasages\railwaynet-initialization-server\ris\api\target\test-classes;C:\work\datasages\railwaynet-initialization-server\ris\api\target\classes;C:\Users\Steve\.m2\repository\org\springframework\boot\spring-boot-starter-web\2.4.8\spring-boot-starter-web-2.4.8.jar;C:\Users\Steve\.m2\repository\org\springframework\boot\spring-boot-starter\2.4.8\spring-boot-starter-2.4.8.jar;C:\Users\Steve\.m2\repository\org\springframework\boot\spring-boot\2.4.8\spring-boot-2.4.8.jar;C:\Users\Steve\.m2\repository\org\springframework\boot\spring-boot-starter-logging\2.4.8\spring-boot-starter-logging-2.4.8.jar;C:\Users\Steve\.m2\repository\ch\qos\logback\logback-classic\1.2.5\logback-classic-1.2.5.jar;C:\Users\Steve\.m2\repository\ch\qos\logback\logback-core\1.2.5\logback-core-1.2.5.jar;C:\Users\Steve\.m2\repository\org\apache\logging\log4j\log4j-to-slf4j\2.13.3\log4j-to-slf4j-2.13.3.jar;C:\Users\Steve\.m2\repository\org\apache\logging\log4j\log4j-api\2.13.3\log4j-api-2.13.3.jar;C:\Users\Steve\.m2\repository\org\slf4j\jul-to-slf4j\1.7.31\jul-to-slf4j-1.7.31.jar;C:\Users\Steve\.m2\repository\jakarta\annotation\jakarta.annotation-api\1.3.5\jakarta.annotation-api-1.3.5.jar;C:\Users\Steve\.m2\repository\org\yaml\snakeyaml\1.27\snakeyaml-1.27.jar;C:\Users\Steve\.m2\repository\org\springframework\boot\spring-boot-starter-json\2.4.8\spring-boot-starter-json-2.4.8.jar;C:\Users\Steve\.m2\repository\com\fasterxml\jackson\datatype\jackson-datatype-jdk8\2.11.4\jackson-datatype-jdk8-2.11.4.jar;C:\Users\Steve\.m2\repository\com\fasterxml\jackson\datatype\jackson-datatype-jsr310\2.11.4\jackson-datatype-jsr310-2.11.4.jar;C:\Users\Steve\.m2\repository\com\fasterxml\jackson\module\jackson-module-parameter-names\2.11.4\jackson-module-parameter-names-2.11.4.jar;C:\Users\Steve\.m2\repository\org\springframework\boot\spring-boot-starter-tomcat\2.4.8\spring-boot-starter-tomcat-2.4.8.jar;C:\Users\Steve\.m2\repository\org\apache\tomcat\embed\tomcat-embed-core\9.0.48\tomcat-embed-core-9.0.48.jar;C:\Users\Steve\.m2\repository\org\glassfish\jakarta.el\3.0.3\jakarta.el-3.0.3.jar;C:\Users\Steve\.m2\repository\org\apache\tomcat\embed\tomcat-embed-websocket\9.0.48\tomcat-embed-websocket-9.0.48.jar;C:\Users\Steve\.m2\repository\org\springframework\spring-web\5.3.8\spring-web-5.3.8.jar;C:\Users\Steve\.m2\repository\org\springframework\spring-beans\5.3.8\spring-beans-5.3.8.jar;C:\Users\Steve\.m2\repository\org\springframework\spring-webmvc\5.3.8\spring-webmvc-5.3.8.jar;C:\Users\Steve\.m2\repository\org\springframework\spring-aop\5.3.8\spring-aop-5.3.8.jar;C:\Users\Steve\.m2\repository\org\springframework\spring-context\5.3.8\spring-context-5.3.8.jar;C:\Users\Steve\.m2\repository\org\springframework\spring-expression\5.3.8\spring-expression-5.3.8.jar;C:\Users\Steve\.m2\repository\com\netflix\graphql\dgs\graphql-dgs-spring-boot-starter\4.8.0\graphql-dgs-spring-boot-starter-4.8.0.jar;C:\Users\Steve\.m2\repository\com\netflix\graphql\dgs\graphql-dgs-spring-boot-oss-autoconfigure\4.8.0\graphql-dgs-spring-boot-oss-autoconfigure-4.8.0.jar;C:\Users\Steve\.m2\repository\com\netflix\graphql\dgs\graphql-dgs-spring-webmvc\4.8.0\graphql-dgs-spring-webmvc-4.8.0.jar;C:\Users\Steve\.m2\repository\com\netflix\graphql\dgs\graphql-dgs-spring-webmvc-autoconfigure\4.8.0\graphql-dgs-spring-webmvc-autoconfigure-4.8.0.jar;C:\Users\Steve\.m2\repository\jakarta\servlet\jakarta.servlet-api\4.0.4\jakarta.servlet-api-4.0.4.jar;C:\Users\Steve\.m2\repository\com\netflix\graphql\dgs\graphql-dgs-client\4.8.0\graphql-dgs-client-4.8.0.jar;C:\Users\Steve\.m2\repository\io\projectreactor\reactor-core\3.4.10\reactor-core-3.4.10.jar;C:\Users\Steve\.m2\repository\com\fasterxml\jackson\core\jackson-annotations\2.11.3\jackson-annotations-2.11.3.jar;C:\Users\Steve\.m2\repository\com\netflix\graphql\dgs\graphql-dgs-subscription-types\4.8.0\graphql-dgs-subscription-types-4.8.0.jar;C:\Users\Steve\.m2\repository\com\fasterxml\jackson\module\jackson-module-kotlin\2.11.4\jackson-module-kotlin-2.11.4.jar;C:\Users\Steve\.m2\repository\com\netflix\graphql\dgs\graphql-error-types\4.8.0\graphql-error-types-4.8.0.jar;C:\Users\Steve\.m2\repository\org\jetbrains\kotlin\kotlin-stdlib-jdk8\1.4.32\kotlin-stdlib-jdk8-1.4.32.jar;C:\Users\Steve\.m2\repository\org\jetbrains\kotlin\kotlin-stdlib\1.4.32\kotlin-stdlib-1.4.32.jar;C:\Users\Steve\.m2\repository\org\jetbrains\kotlin\kotlin-stdlib-common\1.4.32\kotlin-stdlib-common-1.4.32.jar;C:\Users\Steve\.m2\repository\org\jetbrains\annotations\13.0\annotations-13.0.jar;C:\Users\Steve\.m2\repository\org\jetbrains\kotlin\kotlin-stdlib-jdk7\1.4.32\kotlin-stdlib-jdk7-1.4.32.jar;C:\Users\Steve\.m2\repository\org\springframework\boot\spring-boot-starter-websocket\2.4.8\spring-boot-starter-websocket-2.4.8.jar;C:\Users\Steve\.m2\repository\org\springframework\spring-messaging\5.3.8\spring-messaging-5.3.8.jar;C:\Users\Steve\.m2\repository\com\netflix\graphql\dgs\graphql-dgs-subscriptions-websockets-autoconfigure\4.8.0\graphql-dgs-subscriptions-websockets-autoconfigure-4.8.0.jar;C:\Users\Steve\.m2\repository\com\netflix\graphql\dgs\graphql-dgs\4.8.0\graphql-dgs-4.8.0.jar;C:\Users\Steve\.m2\repository\com\netflix\graphql\dgs\graphql-dgs-mocking\4.8.0\graphql-dgs-mocking-4.8.0.jar;C:\Users\Steve\.m2\repository\com\github\javafaker\javafaker\1.0.2\javafaker-1.0.2.jar;C:\Users\Steve\.m2\repository\org\apache\commons\commons-lang3\3.11\commons-lang3-3.11.jar;C:\Users\Steve\.m2\repository\com\github\mifmif\generex\1.0.2\generex-1.0.2.jar;C:\Users\Steve\.m2\repository\dk\brics\automaton\automaton\1.11-8\automaton-1.11-8.jar;C:\Users\Steve\.m2\repository\org\jetbrains\kotlin\kotlin-reflect\1.4.32\kotlin-reflect-1.4.32.jar;C:\Users\Steve\.m2\repository\com\apollographql\federation\federation-graphql-java-support\0.6.3\federation-graphql-java-support-0.6.3.jar;C:\Users\Steve\.m2\repository\com\google\protobuf\protobuf-java\3.9.0\protobuf-java-3.9.0.jar;C:\Users\Steve\.m2\repository\org\jetbrains\kotlinx\kotlinx-coroutines-core\1.4.3\kotlinx-coroutines-core-1.4.3.jar;C:\Users\Steve\.m2\repository\org\jetbrains\kotlinx\kotlinx-coroutines-core-jvm\1.4.3\kotlinx-coroutines-core-jvm-1.4.3.jar;C:\Users\Steve\.m2\repository\org\jetbrains\kotlinx\kotlinx-coroutines-jdk8\1.4.3\kotlinx-coroutines-jdk8-1.4.3.jar;C:\Users\Steve\.m2\repository\com\netflix\graphql\dgs\graphql-dgs-subscriptions-websockets\4.8.0\graphql-dgs-subscriptions-websockets-4.8.0.jar;C:\Users\Steve\.m2\repository\org\springframework\boot\spring-boot-autoconfigure\2.4.8\spring-boot-autoconfigure-2.4.8.jar;C:\Users\Steve\.m2\repository\org\springframework\spring-websocket\5.3.8\spring-websocket-5.3.8.jar;C:\Users\Steve\.m2\repository\com\graphql-java\graphql-java-extended-scalars\16.0.1\graphql-java-extended-scalars-16.0.1.jar;C:\Users\Steve\.m2\repository\com\graphql-java\graphql-java\16.2\graphql-java-16.2.jar;C:\Users\Steve\.m2\repository\com\graphql-java\java-dataloader\2.2.3\java-dataloader-2.2.3.jar;C:\Users\Steve\.m2\repository\org\reactivestreams\reactive-streams\1.0.3\reactive-streams-1.0.3.jar;C:\Users\Steve\.m2\repository\org\antlr\antlr4-runtime\4.8\antlr4-runtime-4.8.jar;C:\Users\Steve\.m2\repository\org\slf4j\slf4j-api\1.7.31\slf4j-api-1.7.31.jar;C:\Users\Steve\.m2\repository\org\mapstruct\mapstruct\1.4.2.Final\mapstruct-1.4.2.Final.jar;C:\Users\Steve\.m2\repository\com\collins\railwaynet\ris\fileset-service\2.0.0-SNAPSHOT\fileset-service-2.0.0-SNAPSHOT.jar;C:\Users\Steve\.m2\repository\com\collins\railwaynet\ris\dao\2.0.0-SNAPSHOT\dao-2.0.0-SNAPSHOT.jar;C:\Users\Steve\.m2\repository\org\springframework\boot\spring-boot-starter-data-jpa\2.4.8\spring-boot-starter-data-jpa-2.4.8.jar;C:\Users\Steve\.m2\repository\org\springframework\boot\spring-boot-starter-aop\2.4.8\spring-boot-starter-aop-2.4.8.jar;C:\Users\Steve\.m2\repository\org\aspectj\aspectjweaver\1.9.6\aspectjweaver-1.9.6.jar;C:\Users\Steve\.m2\repository\org\springframework\boot\spring-boot-starter-jdbc\2.4.8\spring-boot-starter-jdbc-2.4.8.jar;C:\Users\Steve\.m2\repository\com\zaxxer\HikariCP\3.4.5\HikariCP-3.4.5.jar;C:\Users\Steve\.m2\repository\org\springframework\spring-jdbc\5.3.8\spring-jdbc-5.3.8.jar;C:\Users\Steve\.m2\repository\jakarta\transaction\jakarta.transaction-api\1.3.3\jakarta.transaction-api-1.3.3.jar;C:\Users\Steve\.m2\repository\jakarta\persistence\jakarta.persistence-api\2.2.3\jakarta.persistence-api-2.2.3.jar;C:\Users\Steve\.m2\repository\org\hibernate\hibernate-core\5.4.32.Final\hibernate-core-5.4.32.Final.jar;C:\Users\Steve\.m2\repository\org\javassist\javassist\3.27.0-GA\javassist-3.27.0-GA.jar;C:\Users\Steve\.m2\repository\antlr\antlr\2.7.7\antlr-2.7.7.jar;C:\Users\Steve\.m2\repository\org\jboss\jandex\2.2.3.Final\jandex-2.2.3.Final.jar;C:\Users\Steve\.m2\repository\org\dom4j\dom4j\2.1.3\dom4j-2.1.3.jar;C:\Users\Steve\.m2\repository\org\hibernate\common\hibernate-commons-annotations\5.1.2.Final\hibernate-commons-annotations-5.1.2.Final.jar;C:\Users\Steve\.m2\repository\org\glassfish\jaxb\jaxb-runtime\2.3.4\jaxb-runtime-2.3.4.jar;C:\Users\Steve\.m2\repository\org\glassfish\jaxb\txw2\2.3.4\txw2-2.3.4.jar;C:\Users\Steve\.m2\repository\com\sun\istack\istack-commons-runtime\3.0.12\istack-commons-runtime-3.0.12.jar;C:\Users\Steve\.m2\repository\com\sun\activation\jakarta.activation\1.2.2\jakarta.activation-1.2.2.jar;C:\Users\Steve\.m2\repository\org\springframework\data\spring-data-jpa\2.4.10\spring-data-jpa-2.4.10.jar;C:\Users\Steve\.m2\repository\org\springframework\spring-orm\5.3.8\spring-orm-5.3.8.jar;C:\Users\Steve\.m2\repository\org\springframework\spring-aspects\5.3.8\spring-aspects-5.3.8.jar;C:\Users\Steve\.m2\repository\org\springframework\boot\spring-boot-starter-validation\2.4.8\spring-boot-starter-validation-2.4.8.jar;C:\Users\Steve\.m2\repository\org\postgresql\postgresql\42.2.22\postgresql-42.2.22.jar;C:\Users\Steve\.m2\repository\org\checkerframework\checker-qual\3.5.0\checker-qual-3.5.0.jar;C:\Users\Steve\.m2\repository\jakarta\validation\jakarta.validation-api\2.0.2\jakarta.validation-api-2.0.2.jar;C:\Users\Steve\.m2\repository\org\hibernate\validator\hibernate-validator\6.0.22.Final\hibernate-validator-6.0.22.Final.jar;C:\Users\Steve\.m2\repository\javax\validation\validation-api\2.0.1.Final\validation-api-2.0.1.Final.jar;C:\Users\Steve\.m2\repository\org\jboss\logging\jboss-logging\3.4.2.Final\jboss-logging-3.4.2.Final.jar;C:\Users\Steve\.m2\repository\com\fasterxml\classmate\1.5.1\classmate-1.5.1.jar;C:\Users\Steve\.m2\repository\com\collins\railwaynet\ris\group-service\2.0.0-SNAPSHOT\group-service-2.0.0-SNAPSHOT.jar;C:\Users\Steve\.m2\repository\com\collins\railwaynet\ris\historian-service\2.0.0-SNAPSHOT\historian-service-2.0.0-SNAPSHOT.jar;C:\Users\Steve\.m2\repository\org\springframework\kafka\spring-kafka\2.6.9\spring-kafka-2.6.9.jar;C:\Users\Steve\.m2\repository\org\springframework\spring-tx\5.3.8\spring-tx-5.3.8.jar;C:\Users\Steve\.m2\repository\org\springframework\retry\spring-retry\1.3.1\spring-retry-1.3.1.jar;C:\Users\Steve\.m2\repository\javax\annotation\javax.annotation-api\1.3.2\javax.annotation-api-1.3.2.jar;C:\Users\Steve\.m2\repository\org\apache\kafka\kafka-clients\2.6.2\kafka-clients-2.6.2.jar;C:\Users\Steve\.m2\repository\com\github\luben\zstd-jni\1.4.4-7\zstd-jni-1.4.4-7.jar;C:\Users\Steve\.m2\repository\org\lz4\lz4-java\1.7.1\lz4-java-1.7.1.jar;C:\Users\Steve\.m2\repository\org\xerial\snappy\snappy-java\1.1.7.3\snappy-java-1.1.7.3.jar;C:\Users\Steve\.m2\repository\com\fasterxml\jackson\core\jackson-databind\2.11.3\jackson-databind-2.11.3.jar;C:\Users\Steve\.m2\repository\com\fasterxml\jackson\core\jackson-core\2.11.3\jackson-core-2.11.3.jar;C:\Users\Steve\.m2\repository\com\rockwellcollins\railwaynet\emp-messages\1.6.0\emp-messages-1.6.0.jar;C:\Users\Steve\.m2\repository\org\glassfish\web\javax.el\2.2.6\javax.el-2.2.6.jar;C:\Users\Steve\.m2\repository\javax\el\javax.el-api\2.2.5\javax.el-api-2.2.5.jar;C:\Users\Steve\.m2\repository\org\scala-lang\scala-library\2.11.7\scala-library-2.11.7.jar;C:\Users\Steve\.m2\repository\com\collins\railwaynet\ris\locomotive-service\2.0.0-SNAPSHOT\locomotive-service-2.0.0-SNAPSHOT.jar;C:\Users\Steve\.m2\repository\com\collins\railwaynet\ris\messaging\2.0.0-SNAPSHOT\messaging-2.0.0-SNAPSHOT.jar;C:\Users\Steve\.m2\repository\org\apache\camel\springboot\camel-spring-boot-starter\3.7.5\camel-spring-boot-starter-3.7.5.jar;C:\Users\Steve\.m2\repository\org\apache\camel\springboot\camel-spring-boot\3.7.5\camel-spring-boot-3.7.5.jar;C:\Users\Steve\.m2\repository\org\apache\camel\camel-spring\3.7.5\camel-spring-3.7.5.jar;C:\Users\Steve\.m2\repository\org\apache\camel\camel-xml-jaxb\3.7.5\camel-xml-jaxb-3.7.5.jar;C:\Users\Steve\.m2\repository\com\sun\xml\bind\jaxb-core\2.3.0\jaxb-core-2.3.0.jar;C:\Users\Steve\.m2\repository\com\sun\xml\bind\jaxb-impl\2.3.3\jaxb-impl-2.3.3.jar;C:\Users\Steve\.m2\repository\org\apache\camel\camel-xml-jaxp\3.7.5\camel-xml-jaxp-3.7.5.jar;C:\Users\Steve\.m2\repository\org\apache\camel\camel-bean\3.7.5\camel-bean-3.7.5.jar;C:\Users\Steve\.m2\repository\org\apache\camel\camel-core-xml\3.7.5\camel-core-xml-3.7.5.jar;C:\Users\Steve\.m2\repository\org\apache\camel\camel-cloud\3.7.5\camel-cloud-3.7.5.jar;C:\Users\Steve\.m2\repository\org\apache\camel\camel-cluster\3.7.5\camel-cluster-3.7.5.jar;C:\Users\Steve\.m2\repository\org\apache\camel\camel-core-catalog\3.7.5\camel-core-catalog-3.7.5.jar;C:\Users\Steve\.m2\repository\org\apache\camel\camel-tooling-model\3.7.5\camel-tooling-model-3.7.5.jar;C:\Users\Steve\.m2\repository\org\apache\camel\camel-util-json\3.7.5\camel-util-json-3.7.5.jar;C:\Users\Steve\.m2\repository\org\apache\camel\camel-health\3.7.5\camel-health-3.7.5.jar;C:\Users\Steve\.m2\repository\org\apache\camel\camel-main\3.7.5\camel-main-3.7.5.jar;C:\Users\Steve\.m2\repository\org\apache\camel\camel-core-languages\3.7.5\camel-core-languages-3.7.5.jar;C:\Users\Steve\.m2\repository\org\apache\camel\springboot\camel-core-starter\3.7.5\camel-core-starter-3.7.5.jar;C:\Users\Steve\.m2\repository\org\apache\camel\camel-core\3.7.5\camel-core-3.7.5.jar;C:\Users\Steve\.m2\repository\org\apache\camel\camel-browse\3.7.5\camel-browse-3.7.5.jar;C:\Users\Steve\.m2\repository\org\apache\camel\camel-caffeine-lrucache\3.7.5\camel-caffeine-lrucache-3.7.5.jar;C:\Users\Steve\.m2\repository\com\github\ben-manes\caffeine\caffeine\2.8.8\caffeine-2.8.8.jar;C:\Users\Steve\.m2\repository\org\apache\camel\camel-controlbus\3.7.5\camel-controlbus-3.7.5.jar;C:\Users\Steve\.m2\repository\org\apache\camel\camel-dataformat\3.7.5\camel-dataformat-3.7.5.jar;C:\Users\Steve\.m2\repository\org\apache\camel\camel-dataset\3.7.5\camel-dataset-3.7.5.jar;C:\Users\Steve\.m2\repository\org\apache\camel\camel-direct\3.7.5\camel-direct-3.7.5.jar;C:\Users\Steve\.m2\repository\org\apache\camel\camel-directvm\3.7.5\camel-directvm-3.7.5.jar;C:\Users\Steve\.m2\repository\org\apache\camel\camel-file\3.7.5\camel-file-3.7.5.jar;C:\Users\Steve\.m2\repository\org\apache\camel\camel-language\3.7.5\camel-language-3.7.5.jar;C:\Users\Steve\.m2\repository\org\apache\camel\camel-log\3.7.5\camel-log-3.7.5.jar;C:\Users\Steve\.m2\repository\org\apache\camel\camel-mock\3.7.5\camel-mock-3.7.5.jar;C:\Users\Steve\.m2\repository\org\apache\camel\camel-ref\3.7.5\camel-ref-3.7.5.jar;C:\Users\Steve\.m2\repository\org\apache\camel\camel-rest\3.7.5\camel-rest-3.7.5.jar;C:\Users\Steve\.m2\repository\org\apache\camel\camel-saga\3.7.5\camel-saga-3.7.5.jar;C:\Users\Steve\.m2\repository\org\apache\camel\camel-scheduler\3.7.5\camel-scheduler-3.7.5.jar;C:\Users\Steve\.m2\repository\org\apache\camel\camel-seda\3.7.5\camel-seda-3.7.5.jar;C:\Users\Steve\.m2\repository\org\apache\camel\camel-stub\3.7.5\camel-stub-3.7.5.jar;C:\Users\Steve\.m2\repository\org\apache\camel\camel-timer\3.7.5\camel-timer-3.7.5.jar;C:\Users\Steve\.m2\repository\org\apache\camel\camel-validator\3.7.5\camel-validator-3.7.5.jar;C:\Users\Steve\.m2\repository\org\apache\camel\camel-vm\3.7.5\camel-vm-3.7.5.jar;C:\Users\Steve\.m2\repository\org\apache\camel\camel-xpath\3.7.5\camel-xpath-3.7.5.jar;C:\Users\Steve\.m2\repository\org\apache\camel\camel-xslt\3.7.5\camel-xslt-3.7.5.jar;C:\Users\Steve\.m2\repository\org\apache\camel\camel-core-engine\3.7.5\camel-core-engine-3.7.5.jar;C:\Users\Steve\.m2\repository\org\apache\camel\camel-api\3.7.5\camel-api-3.7.5.jar;C:\Users\Steve\.m2\repository\org\apache\camel\camel-base-engine\3.7.5\camel-base-engine-3.7.5.jar;C:\Users\Steve\.m2\repository\org\apache\camel\camel-base\3.7.5\camel-base-3.7.5.jar;C:\Users\Steve\.m2\repository\org\apache\camel\camel-core-reifier\3.7.5\camel-core-reifier-3.7.5.jar;C:\Users\Steve\.m2\repository\org\apache\camel\camel-core-model\3.7.5\camel-core-model-3.7.5.jar;C:\Users\Steve\.m2\repository\org\apache\camel\camel-core-processor\3.7.5\camel-core-processor-3.7.5.jar;C:\Users\Steve\.m2\repository\org\apache\camel\camel-management-api\3.7.5\camel-management-api-3.7.5.jar;C:\Users\Steve\.m2\repository\org\apache\camel\camel-support\3.7.5\camel-support-3.7.5.jar;C:\Users\Steve\.m2\repository\org\apache\camel\camel-util\3.7.5\camel-util-3.7.5.jar;C:\Users\Steve\.m2\repository\org\springframework\boot\spring-boot-starter-data-mongodb\2.4.8\spring-boot-starter-data-mongodb-2.4.8.jar;C:\Users\Steve\.m2\repository\org\mongodb\mongodb-driver-sync\4.1.2\mongodb-driver-sync-4.1.2.jar;C:\Users\Steve\.m2\repository\org\mongodb\bson\4.1.2\bson-4.1.2.jar;C:\Users\Steve\.m2\repository\org\mongodb\mongodb-driver-core\4.1.2\mongodb-driver-core-4.1.2.jar;C:\Users\Steve\.m2\repository\org\springframework\data\spring-data-mongodb\3.1.10\spring-data-mongodb-3.1.10.jar;C:\Users\Steve\.m2\repository\org\springframework\data\spring-data-commons\2.4.10\spring-data-commons-2.4.10.jar;C:\Users\Steve\.m2\repository\com\google\guava\guava\19.0\guava-19.0.jar;C:\Users\Steve\.m2\repository\com\rockwellcollins\railwaynet\onboard-messages\2.1\onboard-messages-2.1.jar;C:\Users\Steve\.m2\repository\org\springframework\boot\spring-boot-starter-test\2.4.8\spring-boot-starter-test-2.4.8.jar;C:\Users\Steve\.m2\repository\org\springframework\boot\spring-boot-test\2.4.8\spring-boot-test-2.4.8.jar;C:\Users\Steve\.m2\repository\org\springframework\boot\spring-boot-test-autoconfigure\2.4.8\spring-boot-test-autoconfigure-2.4.8.jar;C:\Users\Steve\.m2\repository\com\jayway\jsonpath\json-path\2.4.0\json-path-2.4.0.jar;C:\Users\Steve\.m2\repository\net\minidev\json-smart\2.3.1\json-smart-2.3.1.jar;C:\Users\Steve\.m2\repository\net\minidev\accessors-smart\2.3.1\accessors-smart-2.3.1.jar;C:\Users\Steve\.m2\repository\org\ow2\asm\asm\5.0.4\asm-5.0.4.jar;C:\Users\Steve\.m2\repository\jakarta\xml\bind\jakarta.xml.bind-api\2.3.3\jakarta.xml.bind-api-2.3.3.jar;C:\Users\Steve\.m2\repository\jakarta\activation\jakarta.activation-api\1.2.2\jakarta.activation-api-1.2.2.jar;C:\Users\Steve\.m2\repository\org\assertj\assertj-core\3.18.1\assertj-core-3.18.1.jar;C:\Users\Steve\.m2\repository\org\hamcrest\hamcrest\2.2\hamcrest-2.2.jar;C:\Users\Steve\.m2\repository\org\junit\jupiter\junit-jupiter\5.7.0\junit-jupiter-5.7.0.jar;C:\Users\Steve\.m2\repository\org\junit\jupiter\junit-jupiter-api\5.7.0\junit-jupiter-api-5.7.0.jar;C:\Users\Steve\.m2\repository\org\apiguardian\apiguardian-api\1.1.0\apiguardian-api-1.1.0.jar;C:\Users\Steve\.m2\repository\org\opentest4j\opentest4j\1.2.0\opentest4j-1.2.0.jar;C:\Users\Steve\.m2\repository\org\junit\platform\junit-platform-commons\1.7.0\junit-platform-commons-1.7.0.jar;C:\Users\Steve\.m2\repository\org\junit\jupiter\junit-jupiter-params\5.7.0\junit-jupiter-params-5.7.0.jar;C:\Users\Steve\.m2\repository\org\junit\jupiter\junit-jupiter-engine\5.7.0\junit-jupiter-engine-5.7.0.jar;C:\Users\Steve\.m2\repository\org\junit\platform\junit-platform-engine\1.7.0\junit-platform-engine-1.7.0.jar;C:\Users\Steve\.m2\repository\org\mockito\mockito-core\3.6.28\mockito-core-3.6.28.jar;C:\Users\Steve\.m2\repository\net\bytebuddy\byte-buddy\1.10.22\byte-buddy-1.10.22.jar;C:\Users\Steve\.m2\repository\net\bytebuddy\byte-buddy-agent\1.10.22\byte-buddy-agent-1.10.22.jar;C:\Users\Steve\.m2\repository\org\objenesis\objenesis\3.1\objenesis-3.1.jar;C:\Users\Steve\.m2\repository\org\mockito\mockito-junit-jupiter\3.6.28\mockito-junit-jupiter-3.6.28.jar;C:\Users\Steve\.m2\repository\org\skyscreamer\jsonassert\1.5.0\jsonassert-1.5.0.jar;C:\Users\Steve\.m2\repository\com\vaadin\external\google\android-json\0.0.20131108.vaadin1\android-json-0.0.20131108.vaadin1.jar;C:\Users\Steve\.m2\repository\org\springframework\spring-core\5.3.8\spring-core-5.3.8.jar;C:\Users\Steve\.m2\repository\org\springframework\spring-jcl\5.3.8\spring-jcl-5.3.8.jar;C:\Users\Steve\.m2\repository\org\springframework\spring-test\5.3.8\spring-test-5.3.8.jar;C:\Users\Steve\.m2\repository\org\xmlunit\xmlunit-core\2.7.0\xmlunit-core-2.7.0.jar;"/>
    <property name="java.vm.vendor" value="Red Hat, Inc."/>
    <property name="sun.arch.data.model" value="64"/>
    <property name="user.variant" value=""/>
    <property name="java.vendor.url" value="https://developers.redhat.com/"/>
    <property name="user.timezone" value="America/New_York"/>
    <property name="os.name" value="Windows 10"/>
    <property name="java.vm.specification.version" value="14"/>
    <property name="sun.java.launcher" value="SUN_STANDARD"/>
    <property name="user.country" value="US"/>
    <property name="sun.boot.library.path" value="C:\Program Files\RedHat\java-14-openjdk-14.0.2-1\bin"/>
    <property name="sun.java.command" value="C:\Users\Steve\AppData\Local\Temp\surefire5920645919365138005\surefirebooter15683232052273271946.jar C:\Users\Steve\AppData\Local\Temp\surefire5920645919365138005 2021-09-20T20-45-16_611-jvmRun1 surefire7576451590643377077tmp surefire_03564803851479210420tmp"/>
    <property name="jdk.debug" value="release"/>
    <property name="surefire.test.class.path" value="C:\work\datasages\railwaynet-initialization-server\ris\api\target\test-classes;C:\work\datasages\railwaynet-initialization-server\ris\api\target\classes;C:\Users\Steve\.m2\repository\org\springframework\boot\spring-boot-starter-web\2.4.8\spring-boot-starter-web-2.4.8.jar;C:\Users\Steve\.m2\repository\org\springframework\boot\spring-boot-starter\2.4.8\spring-boot-starter-2.4.8.jar;C:\Users\Steve\.m2\repository\org\springframework\boot\spring-boot\2.4.8\spring-boot-2.4.8.jar;C:\Users\Steve\.m2\repository\org\springframework\boot\spring-boot-starter-logging\2.4.8\spring-boot-starter-logging-2.4.8.jar;C:\Users\Steve\.m2\repository\ch\qos\logback\logback-classic\1.2.5\logback-classic-1.2.5.jar;C:\Users\Steve\.m2\repository\ch\qos\logback\logback-core\1.2.5\logback-core-1.2.5.jar;C:\Users\Steve\.m2\repository\org\apache\logging\log4j\log4j-to-slf4j\2.13.3\log4j-to-slf4j-2.13.3.jar;C:\Users\Steve\.m2\repository\org\apache\logging\log4j\log4j-api\2.13.3\log4j-api-2.13.3.jar;C:\Users\Steve\.m2\repository\org\slf4j\jul-to-slf4j\1.7.31\jul-to-slf4j-1.7.31.jar;C:\Users\Steve\.m2\repository\jakarta\annotation\jakarta.annotation-api\1.3.5\jakarta.annotation-api-1.3.5.jar;C:\Users\Steve\.m2\repository\org\yaml\snakeyaml\1.27\snakeyaml-1.27.jar;C:\Users\Steve\.m2\repository\org\springframework\boot\spring-boot-starter-json\2.4.8\spring-boot-starter-json-2.4.8.jar;C:\Users\Steve\.m2\repository\com\fasterxml\jackson\datatype\jackson-datatype-jdk8\2.11.4\jackson-datatype-jdk8-2.11.4.jar;C:\Users\Steve\.m2\repository\com\fasterxml\jackson\datatype\jackson-datatype-jsr310\2.11.4\jackson-datatype-jsr310-2.11.4.jar;C:\Users\Steve\.m2\repository\com\fasterxml\jackson\module\jackson-module-parameter-names\2.11.4\jackson-module-parameter-names-2.11.4.jar;C:\Users\Steve\.m2\repository\org\springframework\boot\spring-boot-starter-tomcat\2.4.8\spring-boot-starter-tomcat-2.4.8.jar;C:\Users\Steve\.m2\repository\org\apache\tomcat\embed\tomcat-embed-core\9.0.48\tomcat-embed-core-9.0.48.jar;C:\Users\Steve\.m2\repository\org\glassfish\jakarta.el\3.0.3\jakarta.el-3.0.3.jar;C:\Users\Steve\.m2\repository\org\apache\tomcat\embed\tomcat-embed-websocket\9.0.48\tomcat-embed-websocket-9.0.48.jar;C:\Users\Steve\.m2\repository\org\springframework\spring-web\5.3.8\spring-web-5.3.8.jar;C:\Users\Steve\.m2\repository\org\springframework\spring-beans\5.3.8\spring-beans-5.3.8.jar;C:\Users\Steve\.m2\repository\org\springframework\spring-webmvc\5.3.8\spring-webmvc-5.3.8.jar;C:\Users\Steve\.m2\repository\org\springframework\spring-aop\5.3.8\spring-aop-5.3.8.jar;C:\Users\Steve\.m2\repository\org\springframework\spring-context\5.3.8\spring-context-5.3.8.jar;C:\Users\Steve\.m2\repository\org\springframework\spring-expression\5.3.8\spring-expression-5.3.8.jar;C:\Users\Steve\.m2\repository\com\netflix\graphql\dgs\graphql-dgs-spring-boot-starter\4.8.0\graphql-dgs-spring-boot-starter-4.8.0.jar;C:\Users\Steve\.m2\repository\com\netflix\graphql\dgs\graphql-dgs-spring-boot-oss-autoconfigure\4.8.0\graphql-dgs-spring-boot-oss-autoconfigure-4.8.0.jar;C:\Users\Steve\.m2\repository\com\netflix\graphql\dgs\graphql-dgs-spring-webmvc\4.8.0\graphql-dgs-spring-webmvc-4.8.0.jar;C:\Users\Steve\.m2\repository\com\netflix\graphql\dgs\graphql-dgs-spring-webmvc-autoconfigure\4.8.0\graphql-dgs-spring-webmvc-autoconfigure-4.8.0.jar;C:\Users\Steve\.m2\repository\jakarta\servlet\jakarta.servlet-api\4.0.4\jakarta.servlet-api-4.0.4.jar;C:\Users\Steve\.m2\repository\com\netflix\graphql\dgs\graphql-dgs-client\4.8.0\graphql-dgs-client-4.8.0.jar;C:\Users\Steve\.m2\repository\io\projectreactor\reactor-core\3.4.10\reactor-core-3.4.10.jar;C:\Users\Steve\.m2\repository\com\fasterxml\jackson\core\jackson-annotations\2.11.3\jackson-annotations-2.11.3.jar;C:\Users\Steve\.m2\repository\com\netflix\graphql\dgs\graphql-dgs-subscription-types\4.8.0\graphql-dgs-subscription-types-4.8.0.jar;C:\Users\Steve\.m2\repository\com\fasterxml\jackson\module\jackson-module-kotlin\2.11.4\jackson-module-kotlin-2.11.4.jar;C:\Users\Steve\.m2\repository\com\netflix\graphql\dgs\graphql-error-types\4.8.0\graphql-error-types-4.8.0.jar;C:\Users\Steve\.m2\repository\org\jetbrains\kotlin\kotlin-stdlib-jdk8\1.4.32\kotlin-stdlib-jdk8-1.4.32.jar;C:\Users\Steve\.m2\repository\org\jetbrains\kotlin\kotlin-stdlib\1.4.32\kotlin-stdlib-1.4.32.jar;C:\Users\Steve\.m2\repository\org\jetbrains\kotlin\kotlin-stdlib-common\1.4.32\kotlin-stdlib-common-1.4.32.jar;C:\Users\Steve\.m2\repository\org\jetbrains\annotations\13.0\annotations-13.0.jar;C:\Users\Steve\.m2\repository\org\jetbrains\kotlin\kotlin-stdlib-jdk7\1.4.32\kotlin-stdlib-jdk7-1.4.32.jar;C:\Users\Steve\.m2\repository\org\springframework\boot\spring-boot-starter-websocket\2.4.8\spring-boot-starter-websocket-2.4.8.jar;C:\Users\Steve\.m2\repository\org\springframework\spring-messaging\5.3.8\spring-messaging-5.3.8.jar;C:\Users\Steve\.m2\repository\com\netflix\graphql\dgs\graphql-dgs-subscriptions-websockets-autoconfigure\4.8.0\graphql-dgs-subscriptions-websockets-autoconfigure-4.8.0.jar;C:\Users\Steve\.m2\repository\com\netflix\graphql\dgs\graphql-dgs\4.8.0\graphql-dgs-4.8.0.jar;C:\Users\Steve\.m2\repository\com\netflix\graphql\dgs\graphql-dgs-mocking\4.8.0\graphql-dgs-mocking-4.8.0.jar;C:\Users\Steve\.m2\repository\com\github\javafaker\javafaker\1.0.2\javafaker-1.0.2.jar;C:\Users\Steve\.m2\repository\org\apache\commons\commons-lang3\3.11\commons-lang3-3.11.jar;C:\Users\Steve\.m2\repository\com\github\mifmif\generex\1.0.2\generex-1.0.2.jar;C:\Users\Steve\.m2\repository\dk\brics\automaton\automaton\1.11-8\automaton-1.11-8.jar;C:\Users\Steve\.m2\repository\org\jetbrains\kotlin\kotlin-reflect\1.4.32\kotlin-reflect-1.4.32.jar;C:\Users\Steve\.m2\repository\com\apollographql\federation\federation-graphql-java-support\0.6.3\federation-graphql-java-support-0.6.3.jar;C:\Users\Steve\.m2\repository\com\google\protobuf\protobuf-java\3.9.0\protobuf-java-3.9.0.jar;C:\Users\Steve\.m2\repository\org\jetbrains\kotlinx\kotlinx-coroutines-core\1.4.3\kotlinx-coroutines-core-1.4.3.jar;C:\Users\Steve\.m2\repository\org\jetbrains\kotlinx\kotlinx-coroutines-core-jvm\1.4.3\kotlinx-coroutines-core-jvm-1.4.3.jar;C:\Users\Steve\.m2\repository\org\jetbrains\kotlinx\kotlinx-coroutines-jdk8\1.4.3\kotlinx-coroutines-jdk8-1.4.3.jar;C:\Users\Steve\.m2\repository\com\netflix\graphql\dgs\graphql-dgs-subscriptions-websockets\4.8.0\graphql-dgs-subscriptions-websockets-4.8.0.jar;C:\Users\Steve\.m2\repository\org\springframework\boot\spring-boot-autoconfigure\2.4.8\spring-boot-autoconfigure-2.4.8.jar;C:\Users\Steve\.m2\repository\org\springframework\spring-websocket\5.3.8\spring-websocket-5.3.8.jar;C:\Users\Steve\.m2\repository\com\graphql-java\graphql-java-extended-scalars\16.0.1\graphql-java-extended-scalars-16.0.1.jar;C:\Users\Steve\.m2\repository\com\graphql-java\graphql-java\16.2\graphql-java-16.2.jar;C:\Users\Steve\.m2\repository\com\graphql-java\java-dataloader\2.2.3\java-dataloader-2.2.3.jar;C:\Users\Steve\.m2\repository\org\reactivestreams\reactive-streams\1.0.3\reactive-streams-1.0.3.jar;C:\Users\Steve\.m2\repository\org\antlr\antlr4-runtime\4.8\antlr4-runtime-4.8.jar;C:\Users\Steve\.m2\repository\org\slf4j\slf4j-api\1.7.31\slf4j-api-1.7.31.jar;C:\Users\Steve\.m2\repository\org\mapstruct\mapstruct\1.4.2.Final\mapstruct-1.4.2.Final.jar;C:\Users\Steve\.m2\repository\com\collins\railwaynet\ris\fileset-service\2.0.0-SNAPSHOT\fileset-service-2.0.0-SNAPSHOT.jar;C:\Users\Steve\.m2\repository\com\collins\railwaynet\ris\dao\2.0.0-SNAPSHOT\dao-2.0.0-SNAPSHOT.jar;C:\Users\Steve\.m2\repository\org\springframework\boot\spring-boot-starter-data-jpa\2.4.8\spring-boot-starter-data-jpa-2.4.8.jar;C:\Users\Steve\.m2\repository\org\springframework\boot\spring-boot-starter-aop\2.4.8\spring-boot-starter-aop-2.4.8.jar;C:\Users\Steve\.m2\repository\org\aspectj\aspectjweaver\1.9.6\aspectjweaver-1.9.6.jar;C:\Users\Steve\.m2\repository\org\springframework\boot\spring-boot-starter-jdbc\2.4.8\spring-boot-starter-jdbc-2.4.8.jar;C:\Users\Steve\.m2\repository\com\zaxxer\HikariCP\3.4.5\HikariCP-3.4.5.jar;C:\Users\Steve\.m2\repository\org\springframework\spring-jdbc\5.3.8\spring-jdbc-5.3.8.jar;C:\Users\Steve\.m2\repository\jakarta\transaction\jakarta.transaction-api\1.3.3\jakarta.transaction-api-1.3.3.jar;C:\Users\Steve\.m2\repository\jakarta\persistence\jakarta.persistence-api\2.2.3\jakarta.persistence-api-2.2.3.jar;C:\Users\Steve\.m2\repository\org\hibernate\hibernate-core\5.4.32.Final\hibernate-core-5.4.32.Final.jar;C:\Users\Steve\.m2\repository\org\javassist\javassist\3.27.0-GA\javassist-3.27.0-GA.jar;C:\Users\Steve\.m2\repository\antlr\antlr\2.7.7\antlr-2.7.7.jar;C:\Users\Steve\.m2\repository\org\jboss\jandex\2.2.3.Final\jandex-2.2.3.Final.jar;C:\Users\Steve\.m2\repository\org\dom4j\dom4j\2.1.3\dom4j-2.1.3.jar;C:\Users\Steve\.m2\repository\org\hibernate\common\hibernate-commons-annotations\5.1.2.Final\hibernate-commons-annotations-5.1.2.Final.jar;C:\Users\Steve\.m2\repository\org\glassfish\jaxb\jaxb-runtime\2.3.4\jaxb-runtime-2.3.4.jar;C:\Users\Steve\.m2\repository\org\glassfish\jaxb\txw2\2.3.4\txw2-2.3.4.jar;C:\Users\Steve\.m2\repository\com\sun\istack\istack-commons-runtime\3.0.12\istack-commons-runtime-3.0.12.jar;C:\Users\Steve\.m2\repository\com\sun\activation\jakarta.activation\1.2.2\jakarta.activation-1.2.2.jar;C:\Users\Steve\.m2\repository\org\springframework\data\spring-data-jpa\2.4.10\spring-data-jpa-2.4.10.jar;C:\Users\Steve\.m2\repository\org\springframework\spring-orm\5.3.8\spring-orm-5.3.8.jar;C:\Users\Steve\.m2\repository\org\springframework\spring-aspects\5.3.8\spring-aspects-5.3.8.jar;C:\Users\Steve\.m2\repository\org\springframework\boot\spring-boot-starter-validation\2.4.8\spring-boot-starter-validation-2.4.8.jar;C:\Users\Steve\.m2\repository\org\postgresql\postgresql\42.2.22\postgresql-42.2.22.jar;C:\Users\Steve\.m2\repository\org\checkerframework\checker-qual\3.5.0\checker-qual-3.5.0.jar;C:\Users\Steve\.m2\repository\jakarta\validation\jakarta.validation-api\2.0.2\jakarta.validation-api-2.0.2.jar;C:\Users\Steve\.m2\repository\org\hibernate\validator\hibernate-validator\6.0.22.Final\hibernate-validator-6.0.22.Final.jar;C:\Users\Steve\.m2\repository\javax\validation\validation-api\2.0.1.Final\validation-api-2.0.1.Final.jar;C:\Users\Steve\.m2\repository\org\jboss\logging\jboss-logging\3.4.2.Final\jboss-logging-3.4.2.Final.jar;C:\Users\Steve\.m2\repository\com\fasterxml\classmate\1.5.1\classmate-1.5.1.jar;C:\Users\Steve\.m2\repository\com\collins\railwaynet\ris\group-service\2.0.0-SNAPSHOT\group-service-2.0.0-SNAPSHOT.jar;C:\Users\Steve\.m2\repository\com\collins\railwaynet\ris\historian-service\2.0.0-SNAPSHOT\historian-service-2.0.0-SNAPSHOT.jar;C:\Users\Steve\.m2\repository\org\springframework\kafka\spring-kafka\2.6.9\spring-kafka-2.6.9.jar;C:\Users\Steve\.m2\repository\org\springframework\spring-tx\5.3.8\spring-tx-5.3.8.jar;C:\Users\Steve\.m2\repository\org\springframework\retry\spring-retry\1.3.1\spring-retry-1.3.1.jar;C:\Users\Steve\.m2\repository\javax\annotation\javax.annotation-api\1.3.2\javax.annotation-api-1.3.2.jar;C:\Users\Steve\.m2\repository\org\apache\kafka\kafka-clients\2.6.2\kafka-clients-2.6.2.jar;C:\Users\Steve\.m2\repository\com\github\luben\zstd-jni\1.4.4-7\zstd-jni-1.4.4-7.jar;C:\Users\Steve\.m2\repository\org\lz4\lz4-java\1.7.1\lz4-java-1.7.1.jar;C:\Users\Steve\.m2\repository\org\xerial\snappy\snappy-java\1.1.7.3\snappy-java-1.1.7.3.jar;C:\Users\Steve\.m2\repository\com\fasterxml\jackson\core\jackson-databind\2.11.3\jackson-databind-2.11.3.jar;C:\Users\Steve\.m2\repository\com\fasterxml\jackson\core\jackson-core\2.11.3\jackson-core-2.11.3.jar;C:\Users\Steve\.m2\repository\com\rockwellcollins\railwaynet\emp-messages\1.6.0\emp-messages-1.6.0.jar;C:\Users\Steve\.m2\repository\org\glassfish\web\javax.el\2.2.6\javax.el-2.2.6.jar;C:\Users\Steve\.m2\repository\javax\el\javax.el-api\2.2.5\javax.el-api-2.2.5.jar;C:\Users\Steve\.m2\repository\org\scala-lang\scala-library\2.11.7\scala-library-2.11.7.jar;C:\Users\Steve\.m2\repository\com\collins\railwaynet\ris\locomotive-service\2.0.0-SNAPSHOT\locomotive-service-2.0.0-SNAPSHOT.jar;C:\Users\Steve\.m2\repository\com\collins\railwaynet\ris\messaging\2.0.0-SNAPSHOT\messaging-2.0.0-SNAPSHOT.jar;C:\Users\Steve\.m2\repository\org\apache\camel\springboot\camel-spring-boot-starter\3.7.5\camel-spring-boot-starter-3.7.5.jar;C:\Users\Steve\.m2\repository\org\apache\camel\springboot\camel-spring-boot\3.7.5\camel-spring-boot-3.7.5.jar;C:\Users\Steve\.m2\repository\org\apache\camel\camel-spring\3.7.5\camel-spring-3.7.5.jar;C:\Users\Steve\.m2\repository\org\apache\camel\camel-xml-jaxb\3.7.5\camel-xml-jaxb-3.7.5.jar;C:\Users\Steve\.m2\repository\com\sun\xml\bind\jaxb-core\2.3.0\jaxb-core-2.3.0.jar;C:\Users\Steve\.m2\repository\com\sun\xml\bind\jaxb-impl\2.3.3\jaxb-impl-2.3.3.jar;C:\Users\Steve\.m2\repository\org\apache\camel\camel-xml-jaxp\3.7.5\camel-xml-jaxp-3.7.5.jar;C:\Users\Steve\.m2\repository\org\apache\camel\camel-bean\3.7.5\camel-bean-3.7.5.jar;C:\Users\Steve\.m2\repository\org\apache\camel\camel-core-xml\3.7.5\camel-core-xml-3.7.5.jar;C:\Users\Steve\.m2\repository\org\apache\camel\camel-cloud\3.7.5\camel-cloud-3.7.5.jar;C:\Users\Steve\.m2\repository\org\apache\camel\camel-cluster\3.7.5\camel-cluster-3.7.5.jar;C:\Users\Steve\.m2\repository\org\apache\camel\camel-core-catalog\3.7.5\camel-core-catalog-3.7.5.jar;C:\Users\Steve\.m2\repository\org\apache\camel\camel-tooling-model\3.7.5\camel-tooling-model-3.7.5.jar;C:\Users\Steve\.m2\repository\org\apache\camel\camel-util-json\3.7.5\camel-util-json-3.7.5.jar;C:\Users\Steve\.m2\repository\org\apache\camel\camel-health\3.7.5\camel-health-3.7.5.jar;C:\Users\Steve\.m2\repository\org\apache\camel\camel-main\3.7.5\camel-main-3.7.5.jar;C:\Users\Steve\.m2\repository\org\apache\camel\camel-core-languages\3.7.5\camel-core-languages-3.7.5.jar;C:\Users\Steve\.m2\repository\org\apache\camel\springboot\camel-core-starter\3.7.5\camel-core-starter-3.7.5.jar;C:\Users\Steve\.m2\repository\org\apache\camel\camel-core\3.7.5\camel-core-3.7.5.jar;C:\Users\Steve\.m2\repository\org\apache\camel\camel-browse\3.7.5\camel-browse-3.7.5.jar;C:\Users\Steve\.m2\repository\org\apache\camel\camel-caffeine-lrucache\3.7.5\camel-caffeine-lrucache-3.7.5.jar;C:\Users\Steve\.m2\repository\com\github\ben-manes\caffeine\caffeine\2.8.8\caffeine-2.8.8.jar;C:\Users\Steve\.m2\repository\org\apache\camel\camel-controlbus\3.7.5\camel-controlbus-3.7.5.jar;C:\Users\Steve\.m2\repository\org\apache\camel\camel-dataformat\3.7.5\camel-dataformat-3.7.5.jar;C:\Users\Steve\.m2\repository\org\apache\camel\camel-dataset\3.7.5\camel-dataset-3.7.5.jar;C:\Users\Steve\.m2\repository\org\apache\camel\camel-direct\3.7.5\camel-direct-3.7.5.jar;C:\Users\Steve\.m2\repository\org\apache\camel\camel-directvm\3.7.5\camel-directvm-3.7.5.jar;C:\Users\Steve\.m2\repository\org\apache\camel\camel-file\3.7.5\camel-file-3.7.5.jar;C:\Users\Steve\.m2\repository\org\apache\camel\camel-language\3.7.5\camel-language-3.7.5.jar;C:\Users\Steve\.m2\repository\org\apache\camel\camel-log\3.7.5\camel-log-3.7.5.jar;C:\Users\Steve\.m2\repository\org\apache\camel\camel-mock\3.7.5\camel-mock-3.7.5.jar;C:\Users\Steve\.m2\repository\org\apache\camel\camel-ref\3.7.5\camel-ref-3.7.5.jar;C:\Users\Steve\.m2\repository\org\apache\camel\camel-rest\3.7.5\camel-rest-3.7.5.jar;C:\Users\Steve\.m2\repository\org\apache\camel\camel-saga\3.7.5\camel-saga-3.7.5.jar;C:\Users\Steve\.m2\repository\org\apache\camel\camel-scheduler\3.7.5\camel-scheduler-3.7.5.jar;C:\Users\Steve\.m2\repository\org\apache\camel\camel-seda\3.7.5\camel-seda-3.7.5.jar;C:\Users\Steve\.m2\repository\org\apache\camel\camel-stub\3.7.5\camel-stub-3.7.5.jar;C:\Users\Steve\.m2\repository\org\apache\camel\camel-timer\3.7.5\camel-timer-3.7.5.jar;C:\Users\Steve\.m2\repository\org\apache\camel\camel-validator\3.7.5\camel-validator-3.7.5.jar;C:\Users\Steve\.m2\repository\org\apache\camel\camel-vm\3.7.5\camel-vm-3.7.5.jar;C:\Users\Steve\.m2\repository\org\apache\camel\camel-xpath\3.7.5\camel-xpath-3.7.5.jar;C:\Users\Steve\.m2\repository\org\apache\camel\camel-xslt\3.7.5\camel-xslt-3.7.5.jar;C:\Users\Steve\.m2\repository\org\apache\camel\camel-core-engine\3.7.5\camel-core-engine-3.7.5.jar;C:\Users\Steve\.m2\repository\org\apache\camel\camel-api\3.7.5\camel-api-3.7.5.jar;C:\Users\Steve\.m2\repository\org\apache\camel\camel-base-engine\3.7.5\camel-base-engine-3.7.5.jar;C:\Users\Steve\.m2\repository\org\apache\camel\camel-base\3.7.5\camel-base-3.7.5.jar;C:\Users\Steve\.m2\repository\org\apache\camel\camel-core-reifier\3.7.5\camel-core-reifier-3.7.5.jar;C:\Users\Steve\.m2\repository\org\apache\camel\camel-core-model\3.7.5\camel-core-model-3.7.5.jar;C:\Users\Steve\.m2\repository\org\apache\camel\camel-core-processor\3.7.5\camel-core-processor-3.7.5.jar;C:\Users\Steve\.m2\repository\org\apache\camel\camel-management-api\3.7.5\camel-management-api-3.7.5.jar;C:\Users\Steve\.m2\repository\org\apache\camel\camel-support\3.7.5\camel-support-3.7.5.jar;C:\Users\Steve\.m2\repository\org\apache\camel\camel-util\3.7.5\camel-util-3.7.5.jar;C:\Users\Steve\.m2\repository\org\springframework\boot\spring-boot-starter-data-mongodb\2.4.8\spring-boot-starter-data-mongodb-2.4.8.jar;C:\Users\Steve\.m2\repository\org\mongodb\mongodb-driver-sync\4.1.2\mongodb-driver-sync-4.1.2.jar;C:\Users\Steve\.m2\repository\org\mongodb\bson\4.1.2\bson-4.1.2.jar;C:\Users\Steve\.m2\repository\org\mongodb\mongodb-driver-core\4.1.2\mongodb-driver-core-4.1.2.jar;C:\Users\Steve\.m2\repository\org\springframework\data\spring-data-mongodb\3.1.10\spring-data-mongodb-3.1.10.jar;C:\Users\Steve\.m2\repository\org\springframework\data\spring-data-commons\2.4.10\spring-data-commons-2.4.10.jar;C:\Users\Steve\.m2\repository\com\google\guava\guava\19.0\guava-19.0.jar;C:\Users\Steve\.m2\repository\com\rockwellcollins\railwaynet\onboard-messages\2.1\onboard-messages-2.1.jar;C:\Users\Steve\.m2\repository\org\springframework\boot\spring-boot-starter-test\2.4.8\spring-boot-starter-test-2.4.8.jar;C:\Users\Steve\.m2\repository\org\springframework\boot\spring-boot-test\2.4.8\spring-boot-test-2.4.8.jar;C:\Users\Steve\.m2\repository\org\springframework\boot\spring-boot-test-autoconfigure\2.4.8\spring-boot-test-autoconfigure-2.4.8.jar;C:\Users\Steve\.m2\repository\com\jayway\jsonpath\json-path\2.4.0\json-path-2.4.0.jar;C:\Users\Steve\.m2\repository\net\minidev\json-smart\2.3.1\json-smart-2.3.1.jar;C:\Users\Steve\.m2\repository\net\minidev\accessors-smart\2.3.1\accessors-smart-2.3.1.jar;C:\Users\Steve\.m2\repository\org\ow2\asm\asm\5.0.4\asm-5.0.4.jar;C:\Users\Steve\.m2\repository\jakarta\xml\bind\jakarta.xml.bind-api\2.3.3\jakarta.xml.bind-api-2.3.3.jar;C:\Users\Steve\.m2\repository\jakarta\activation\jakarta.activation-api\1.2.2\jakarta.activation-api-1.2.2.jar;C:\Users\Steve\.m2\repository\org\assertj\assertj-core\3.18.1\assertj-core-3.18.1.jar;C:\Users\Steve\.m2\repository\org\hamcrest\hamcrest\2.2\hamcrest-2.2.jar;C:\Users\Steve\.m2\repository\org\junit\jupiter\junit-jupiter\5.7.0\junit-jupiter-5.7.0.jar;C:\Users\Steve\.m2\repository\org\junit\jupiter\junit-jupiter-api\5.7.0\junit-jupiter-api-5.7.0.jar;C:\Users\Steve\.m2\repository\org\apiguardian\apiguardian-api\1.1.0\apiguardian-api-1.1.0.jar;C:\Users\Steve\.m2\repository\org\opentest4j\opentest4j\1.2.0\opentest4j-1.2.0.jar;C:\Users\Steve\.m2\repository\org\junit\platform\junit-platform-commons\1.7.0\junit-platform-commons-1.7.0.jar;C:\Users\Steve\.m2\repository\org\junit\jupiter\junit-jupiter-params\5.7.0\junit-jupiter-params-5.7.0.jar;C:\Users\Steve\.m2\repository\org\junit\jupiter\junit-jupiter-engine\5.7.0\junit-jupiter-engine-5.7.0.jar;C:\Users\Steve\.m2\repository\org\junit\platform\junit-platform-engine\1.7.0\junit-platform-engine-1.7.0.jar;C:\Users\Steve\.m2\repository\org\mockito\mockito-core\3.6.28\mockito-core-3.6.28.jar;C:\Users\Steve\.m2\repository\net\bytebuddy\byte-buddy\1.10.22\byte-buddy-1.10.22.jar;C:\Users\Steve\.m2\repository\net\bytebuddy\byte-buddy-agent\1.10.22\byte-buddy-agent-1.10.22.jar;C:\Users\Steve\.m2\repository\org\objenesis\objenesis\3.1\objenesis-3.1.jar;C:\Users\Steve\.m2\repository\org\mockito\mockito-junit-jupiter\3.6.28\mockito-junit-jupiter-3.6.28.jar;C:\Users\Steve\.m2\repository\org\skyscreamer\jsonassert\1.5.0\jsonassert-1.5.0.jar;C:\Users\Steve\.m2\repository\com\vaadin\external\google\android-json\0.0.20131108.vaadin1\android-json-0.0.20131108.vaadin1.jar;C:\Users\Steve\.m2\repository\org\springframework\spring-core\5.3.8\spring-core-5.3.8.jar;C:\Users\Steve\.m2\repository\org\springframework\spring-jcl\5.3.8\spring-jcl-5.3.8.jar;C:\Users\Steve\.m2\repository\org\springframework\spring-test\5.3.8\spring-test-5.3.8.jar;C:\Users\Steve\.m2\repository\org\xmlunit\xmlunit-core\2.7.0\xmlunit-core-2.7.0.jar;"/>
    <property name="sun.cpu.endian" value="little"/>
    <property name="user.home" value="C:\Users\Steve"/>
    <property name="user.language" value="en"/>
    <property name="java.specification.vendor" value="Oracle Corporation"/>
    <property name="java.version.date" value="2020-07-14"/>
    <property name="java.home" value="C:\Program Files\RedHat\java-14-openjdk-14.0.2-1"/>
    <property name="spring.profiles.active" value="test"/>
    <property name="file.separator" value="\"/>
    <property name="basedir" value="C:\work\datasages\railwaynet-initialization-server\ris\api"/>
    <property name="java.vm.compressedOopsMode" value="Zero based"/>
    <property name="line.separator" value="&#10;"/>
    <property name="java.vm.specification.vendor" value="Oracle Corporation"/>
    <property name="java.specification.name" value="Java Platform API Specification"/>
    <property name="FILE_LOG_CHARSET" value="windows-1252"/>
    <property name="java.awt.headless" value="true"/>
    <property name="surefire.real.class.path" value="C:\Users\Steve\AppData\Local\Temp\surefire5920645919365138005\surefirebooter15683232052273271946.jar"/>
    <property name="user.script" value=""/>
    <property name="sun.management.compiler" value="HotSpot 64-Bit Tiered Compilers"/>
    <property name="java.runtime.version" value="14.0.2+12"/>
    <property name="user.name" value="Steve"/>
    <property name="path.separator" value=";"/>
    <property name="os.version" value="10.0"/>
    <property name="java.runtime.name" value="OpenJDK Runtime Environment"/>
    <property name="file.encoding" value="Cp1252"/>
    <property name="spring.beaninfo.ignore" value="true"/>
    <property name="java.vm.name" value="OpenJDK 64-Bit Server VM"/>
    <property name="java.vendor.version" value="20.3"/>
    <property name="localRepository" value="C:\Users\Steve\.m2\repository"/>
    <property name="java.vendor.url.bug" value="https://bugzilla.redhat.com/enter_bug.cgi"/>
    <property name="java.io.tmpdir" value="C:\Users\Steve\AppData\Local\Temp\"/>
    <property name="java.version" value="14.0.2"/>
    <property name="user.dir" value="C:\work\datasages\railwaynet-initialization-server\ris\api"/>
    <property name="os.arch" value="amd64"/>
    <property name="java.vm.specification.name" value="Java Virtual Machine Specification"/>
    <property name="PID" value="43112"/>
    <property name="sun.os.patch.level" value=""/>
    <property name="CONSOLE_LOG_CHARSET" value="windows-1252"/>
    <property name="java.library.path" value="C:\Program Files\RedHat\java-14-openjdk-14.0.2-1\bin;C:\WINDOWS\Sun\Java\bin;C:\WINDOWS\system32;C:\WINDOWS;C:/Program Files/RedHat/java-14-openjdk-14.0.2-1/bin/server;C:/Program Files/RedHat/java-14-openjdk-14.0.2-1/bin;C:\Perl64\site\bin;C:\Perl64\bin;C:\Program Files (x86)\NVIDIA Corporation\PhysX\Common;C:\Python27\;C:\Python27\Scripts;C:\Program Files\Common Files\Microsoft Shared\Windows Live;C:\Program Files (x86)\Common Files\Microsoft Shared\Windows Live;C:\Program Files\Broadcom\Broadcom 802.11\Driver;c:\Program Files (x86)\Intel\iCLS Client\;c:\Program Files\Intel\iCLS Client\;C:\WINDOWS\system32;C:\WINDOWS;C:\WINDOWS\System32\Wbem;C:\WINDOWS\System32\WindowsPowerShell\v1.0\;c:\Program Files\WIDCOMM\Bluetooth Software\;c:\Program Files\WIDCOMM\Bluetooth Software\syswow64;C:\Program Files (x86)\Windows Live\Shared;C:\Program Files\Microsoft\Web Platform Installer\;C:\Program Files\doxygen\bin;C:\Program Files\SourceGear\Common\DiffMerge\;C:\Program Files\Borland\StarTeam SDK 14.0\lib;C:\Program Files\Borland\StarTeam SDK 14.0\bin;C:\Program Files (x86)\Intel\Intel(R) Management Engine Components\DAL;C:\Program Files\Intel\Intel(R) Management Engine Components\DAL;C:\Program Files (x86)\Intel\Intel(R) Management Engine Components\IPT;C:\Program Files\Intel\Intel(R) Management Engine Components\IPT;C:\Program Files (x86)\GNU\GnuPG\pub;C:\Program Files (x86)\Windows Kits\8.1\Windows Performance Toolkit\;C:\Program Files (x86)\Common Files\Acronis\VirtualFile\;C:\Program Files (x86)\Common Files\Acronis\VirtualFile64\;C:\Program Files (x86)\Common Files\Acronis\FileProtector\;C:\Program Files (x86)\Common Files\Acronis\FileProtector64\;C:\Program Files (x86)\Common Files\Acronis\SnapAPI\;C:\WINDOWS\System32\OpenSSH\;C:\Program Files\Git\cmd;C:\Program Files\MongoDB\Server\4.0\bin;C:\Program Files\nodejs\;C:\Program Files (x86)\Yarn\bin\;C:\Program Files (x86)\Pulse Secure\VC142.CRT\X64\;C:\Program Files (x86)\Pulse Secure\VC142.CRT\X86\;C:\Program Files (x86)\Common Files\Intuit\QBPOSSDKRuntime;C:\Program Files\RedHat\java-11-openjdk-jre-11.0.11-1\bin;C:\Program Files\RedHat\java-14-openjdk-14.0.2-1\bin;;C:\Program Files\Docker\Docker\resources\bin;C:\ProgramData\DockerDesktop\version-bin;C:\Ruby26-x64\bin;C:\Users\Steve\AppData\Roaming\Python\Scripts;C:\Program Files (x86)\CMake 2.8\bin;C:\Users\Steve\apache-maven-3.8.1\bin;C:\Program Files (x86)\Spiceworks\Nmap;C:\Users\Steve\AppData\Local\Microsoft\WindowsApps;C:\minishift;C:\users\steve\.minishift\cache\oc\v1.5.0-rc.0;C:\Users\Steve\AppData\Local\GitHubDesktop\bin;C:\Program Files\RedHat\java-11-openjdk-jre-11.0.11-1\bin;C:\Users\Steve\AppData\Local\Programs\Microsoft VS Code\bin;C:\Users\Steve\AppData\Roaming\npm;C:\Users\Steve\AppData\Local\Microsoft\WindowsApps;C:\Users\Steve\AppData\Local\Yarn\bin;;C:\Users\Steve\jee-2021-03\eclipse;;."/>
    <property name="java.vm.info" value="mixed mode, sharing"/>
    <property name="java.vendor" value="Red Hat, Inc."/>
    <property name="java.vm.version" value="14.0.2+12"/>
    <property name="sun.io.unicode.encoding" value="UnicodeLittle"/>
    <property name="java.class.version" value="58.0"/>
  </properties>
  <testcase name="firstAfterLog1" classname="com.collins.railwaynet.ris.api.MessageHistoryQueryTest" time="0.05">
    <system-out><![CDATA[2021-09-20 20:45:23.967  INFO 43112 --- [           main] .b.t.c.SpringBootTestContextBootstrapper : Neither @ContextConfiguration nor @ContextHierarchy found for test class [com.collins.railwaynet.ris.api.MessageHistoryQueryTest], using SpringBootContextLoader
2021-09-20 20:45:23.968  INFO 43112 --- [           main] o.s.t.c.support.AbstractContextLoader    : Could not detect default resource locations for test class [com.collins.railwaynet.ris.api.MessageHistoryQueryTest]: no resource found for suffixes {-context.xml, Context.groovy}.
2021-09-20 20:45:23.975  INFO 43112 --- [           main] .b.t.c.SpringBootTestContextBootstrapper : Loaded default TestExecutionListener class names from location [META-INF/spring.factories]: [org.springframework.boot.test.mock.mockito.MockitoTestExecutionListener, org.springframework.boot.test.mock.mockito.ResetMocksTestExecutionListener, org.springframework.boot.test.autoconfigure.restdocs.RestDocsTestExecutionListener, org.springframework.boot.test.autoconfigure.web.client.MockRestServiceServerResetTestExecutionListener, org.springframework.boot.test.autoconfigure.web.servlet.MockMvcPrintOnlyOnFailureTestExecutionListener, org.springframework.boot.test.autoconfigure.web.servlet.WebDriverTestExecutionListener, org.springframework.boot.test.autoconfigure.webservices.client.MockWebServiceServerTestExecutionListener, org.springframework.test.context.web.ServletTestExecutionListener, org.springframework.test.context.support.DirtiesContextBeforeModesTestExecutionListener, org.springframework.test.context.event.ApplicationEventsTestExecutionListener, org.springframework.test.context.support.DependencyInjectionTestExecutionListener, org.springframework.test.context.support.DirtiesContextTestExecutionListener, org.springframework.test.context.transaction.TransactionalTestExecutionListener, org.springframework.test.context.jdbc.SqlScriptsTestExecutionListener, org.springframework.test.context.event.EventPublishingTestExecutionListener]
2021-09-20 20:45:23.975  INFO 43112 --- [           main] .b.t.c.SpringBootTestContextBootstrapper : Using TestExecutionListeners: [org.springframework.test.context.web.ServletTestExecutionListener@7698a3d9, org.springframework.test.context.support.DirtiesContextBeforeModesTestExecutionListener@4b62f1ba, org.springframework.test.context.event.ApplicationEventsTestExecutionListener@39dce2df, org.springframework.boot.test.mock.mockito.MockitoTestExecutionListener@662d3e85, org.springframework.boot.test.autoconfigure.SpringBootDependencyInjectionTestExecutionListener@5598dff2, org.springframework.test.context.support.DirtiesContextTestExecutionListener@92b1bda, org.springframework.test.context.transaction.TransactionalTestExecutionListener@57bfca3a, org.springframework.test.context.jdbc.SqlScriptsTestExecutionListener@58690f5e, org.springframework.test.context.event.EventPublishingTestExecutionListener@4b9d2cee, org.springframework.boot.test.mock.mockito.ResetMocksTestExecutionListener@1a390b8c, org.springframework.boot.test.autoconfigure.restdocs.RestDocsTestExecutionListener@337eeceb, org.springframework.boot.test.autoconfigure.web.client.MockRestServiceServerResetTestExecutionListener@237d0625, org.springframework.boot.test.autoconfigure.web.servlet.MockMvcPrintOnlyOnFailureTestExecutionListener@1a5a4f8, org.springframework.boot.test.autoconfigure.web.servlet.WebDriverTestExecutionListener@5392aa2b, org.springframework.boot.test.autoconfigure.webservices.client.MockWebServiceServerTestExecutionListener@174f0d06]

  .   ____          _            __ _ _
 /\\ / ___'_ __ _ _(_)_ __  __ _ \ \ \ \
( ( )\___ | '_ | '_| | '_ \/ _` | \ \ \ \
 \\/  ___)| |_)| | | | | || (_| |  ) ) ) )
  '  |____| .__|_| |_|_| |_\__, | / / / /
 =========|_|==============|___/=/_/_/_/
 :: Spring Boot ::                (v2.4.8)

2021-09-20 20:45:24.028  INFO 43112 --- [           main] c.c.r.ris.api.MessageHistoryQueryTest    : Starting MessageHistoryQueryTest using Java 14.0.2 on HENRY with PID 43112 (started by Steve in C:\work\datasages\railwaynet-initialization-server\ris\api)
2021-09-20 20:45:24.028  INFO 43112 --- [           main] c.c.r.ris.api.MessageHistoryQueryTest    : The following profiles are active: test
2021-09-20 20:45:24.363  INFO 43112 --- [           main] c.c.r.ris.api.MessageHistoryQueryTest    : Started MessageHistoryQueryTest in 0.384 seconds (JVM running for 7.108)
]]></system-out>
  </testcase>
  <testcase name="allHistory" classname="com.collins.railwaynet.ris.api.MessageHistoryQueryTest" time="0.013"/>
  <testcase name="lastAfterLog2" classname="com.collins.railwaynet.ris.api.MessageHistoryQueryTest" time="0.008"/>
  <testcase name="beforeLog3" classname="com.collins.railwaynet.ris.api.MessageHistoryQueryTest" time="0.011"/>
  <testcase name="afterLog2" classname="com.collins.railwaynet.ris.api.MessageHistoryQueryTest" time="0.009"/>
</testsuite>